[elgoog.im/t-rex/v2/index.html]
[backblue.gif]
[fade.gif]
[index.html]
[cdn.elg.im/t-rex/apple-touch-icon.png]
[cdn.elg.im/t-rex/favicon-32x32.png]
[cdn.elg.im/t-rex/favicon-16x16.png]
[cdn.elg.im/t-rex/img/t-rex-dinosaur-game.jpg]
[cdn.elg.im/css/style.css]
[cdn.elg.im/t-rex/v2/assets/default_100_percent/100-error-offline.png]
[cdn.taboola.com/libtrc/iploc-network/loader.js]
[cdn.elg.im/t-rex/v2/assets/default_100_percent/100-offline-sprite.png]
[elgoog.im/t-rex/v2/indexfabc.html]
[cdn.elg.im/t-rex/v2/assets/default_200_percent/200-offline-sprite.png]
[cdn.elg.im/t-rex/v2/index.js]
[cdn.elg.im/js/script.js]
[elgoog.im/t-rex/v2/index.html]
[s7.addthis.com/js/300/addthis_widget.js]
[cdn.elg.im/nav_logo.png]
[cdn.elg.im/css/style.css]
[elgoog.im/t-rex/v2/indexfabc.html]
